--- Date: 20210313T234550
Sun, 14 Mar 2021 07:45:53 GMT: Value:   979.2998 USD    Deposits:   968.4902 USD    rewards:    10.8096 USD    ROI:  1.116 %
Finished successfully! Committing data!
[data d21ec7f] update: Data update on 20210313T234550
 3 files changed, 5 insertions(+)
---------------------------------------------------------
--- Date: 20210314T000000
Already on 'data'
Sun, 14 Mar 2021 08:00:08 GMT: Value:   977.1123 USD    Deposits:   966.2108 USD    rewards:    10.9015 USD    ROI:  1.128 %
Finished successfully! Committing data!
[data 2be11aa] update: Data update on 20210314T000000
 3 files changed, 9 insertions(+)
---------------------------------------------------------
--- Date: 20210314T002000
Already on 'data'
Sun, 14 Mar 2021 08:20:16 GMT: Value:   977.7423 USD    Deposits:   966.7764 USD    rewards:    10.9659 USD    ROI:  1.134 %
Finished successfully! Committing data!
[data e3c6753] update: Data update on 20210314T002000
 3 files changed, 9 insertions(+)
git@github.com: Permission denied (publickey).
fatal: Could not read from remote repository.

Please make sure you have the correct access rights
and the repository exists.
---------------------------------------------------------
--- Date: 20210314T003000
Already on 'data'
Sun, 14 Mar 2021 08:30:04 GMT: Value:   979.3861 USD    Deposits:   968.3871 USD    rewards:    10.9990 USD    ROI:  1.136 %
Finished successfully! Committing data!
[data 1fa1353] update: Data update on 20210314T003000
 3 files changed, 14 insertions(+)
git@github.com: Permission denied (publickey).
fatal: Could not read from remote repository.

Please make sure you have the correct access rights
and the repository exists.
---------------------------------------------------------
--- Date: 20210314T005000
Already on 'data'
Sun, 14 Mar 2021 08:50:04 GMT: Value:   981.7718 USD    Deposits:   970.5633 USD    rewards:    11.2085 USD    ROI:  1.155 %
Finished successfully! Committing data!
[data 1020067] update: Data update on 20210314T005000
 3 files changed, 14 insertions(+)
git@github.com: Permission denied (publickey).
fatal: Could not read from remote repository.

Please make sure you have the correct access rights
and the repository exists.
---------------------------------------------------------
--- Date: 20210314T011000
Already on 'data'
Sun, 14 Mar 2021 09:10:07 GMT: Value:   987.1736 USD    Deposits:   975.8619 USD    rewards:    11.3117 USD    ROI:  1.159 %
Finished successfully! Committing data!
[data 16552f1] update: Data update on 20210314T011000
 3 files changed, 14 insertions(+)
git@github.com: Permission denied (publickey).
fatal: Could not read from remote repository.

Please make sure you have the correct access rights
and the repository exists.
---------------------------------------------------------
--- Date: 20210314T012000
Already on 'data'
Sun, 14 Mar 2021 09:20:05 GMT: Value:   989.8954 USD    Deposits:   978.5095 USD    rewards:    11.3859 USD    ROI:  1.164 %
Finished successfully! Committing data!
[data e02fab3] update: Data update on 20210314T012000
 3 files changed, 14 insertions(+)
To github.com:etiennepellegrini/yieldfarm-dashboard.git
   1fa1353..e02fab3  data -> data
---------------------------------------------------------
--- Date: 20210314T013000
Already on 'data'
Sun, 14 Mar 2021 09:30:06 GMT: Value:   988.9781 USD    Deposits:   977.5678 USD    rewards:    11.4102 USD    ROI:  1.167 %
Finished successfully! Committing data!
[data 298f04c] update: Data update on 20210314T013000
 3 files changed, 11 insertions(+)
To github.com:etiennepellegrini/yieldfarm-dashboard.git
   e02fab3..298f04c  data -> data
---------------------------------------------------------
--- Date: 20210314T014001
Already on 'data'
Sun, 14 Mar 2021 09:40:07 GMT: Value:   991.3284 USD    Deposits:   979.8592 USD    rewards:    11.4692 USD    ROI:   1.17 %
Finished successfully! Committing data!
[data 67bce78] update: Data update on 20210314T014001
 3 files changed, 11 insertions(+)
To github.com:etiennepellegrini/yieldfarm-dashboard.git
   298f04c..67bce78  data -> data
---------------------------------------------------------
--- Date: 20210314T015000
Already on 'data'
Sun, 14 Mar 2021 09:50:05 GMT: Value:   992.6380 USD    Deposits:   981.1261 USD    rewards:    11.5119 USD    ROI:  1.173 %
Finished successfully! Committing data!
[data 9911357] update: Data update on 20210314T015000
 3 files changed, 11 insertions(+)
To github.com:etiennepellegrini/yieldfarm-dashboard.git
   67bce78..9911357  data -> data
---------------------------------------------------------
--- Date: 20210314T030000
Already on 'data'
Sun, 14 Mar 2021 10:00:04 GMT: Value:   992.5725 USD    Deposits:   981.0206 USD    rewards:    11.5518 USD    ROI:  1.178 %
Finished successfully! Committing data!
[data 885df21] update: Data update on 20210314T030000
 3 files changed, 11 insertions(+)
To github.com:etiennepellegrini/yieldfarm-dashboard.git
   9911357..885df21  data -> data
---------------------------------------------------------
--- Date: 20210314T031001
Already on 'data'
Sun, 14 Mar 2021 10:10:07 GMT: Value:   990.3013 USD    Deposits:   978.7109 USD    rewards:    11.5904 USD    ROI:  1.184 %
Finished successfully! Committing data!
