Sun, 14 Mar 2021 07:45:53 GMT: Value:   979.2998   USD    Deposits:   968.4902   USD    rewards:    10.8096   USD    ROI:  1.116   %
Sun, 14 Mar 2021 08:00:08 GMT: Value:   977.1123   USD    Deposits:   966.2108   USD    rewards:    10.9015   USD    ROI:  1.128   %
Sun, 14 Mar 2021 08:20:16 GMT: Value:   977.7423   USD    Deposits:   966.7764   USD    rewards:    10.9659   USD    ROI:  1.134   %
Sun, 14 Mar 2021 08:30:04 GMT: Value:   979.3861   USD    Deposits:   968.3871   USD    rewards:    10.9990   USD    ROI:  1.136   %
Sun, 14 Mar 2021 08:50:04 GMT: Value:   981.7718   USD    Deposits:   970.5633   USD    rewards:    11.2085   USD    ROI:  1.155   %
Sun, 14 Mar 2021 09:10:07 GMT: Value:   987.1736   USD    Deposits:   975.8619   USD    rewards:    11.3117   USD    ROI:  1.159   %
Sun, 14 Mar 2021 09:20:05 GMT: Value:   989.8954   USD    Deposits:   978.5095   USD    rewards:    11.3859   USD    ROI:  1.164   %
Sun, 14 Mar 2021 09:30:06 GMT: Value:   988.9781   USD    Deposits:   977.5678   USD    rewards:    11.4102   USD    ROI:  1.167   %
Sun, 14 Mar 2021 09:40:07 GMT: Value:   991.3284   USD    Deposits:   979.8592   USD    rewards:    11.4692   USD    ROI:   1.17   %
Sun, 14 Mar 2021 09:50:05 GMT: Value:   992.6380   USD    Deposits:   981.1261   USD    rewards:    11.5119   USD    ROI:  1.173   %
Sun, 14 Mar 2021 10:00:04 GMT: Value:   992.5725   USD    Deposits:   981.0206   USD    rewards:    11.5518   USD    ROI:  1.178   %
Sun, 14 Mar 2021 10:10:07 GMT: Value:   990.3013   USD    Deposits:   978.7109   USD    rewards:    11.5904   USD    ROI:  1.184   %
Sun, 14 Mar 2021 10:20:07 GMT: Value:   988.4161   USD    Deposits:   976.8027   USD    rewards:    11.6134   USD    ROI:  1.189   %
Sun, 14 Mar 2021 10:30:08 GMT: Value:   984.9561   USD    Deposits:   973.4552   USD    rewards:    11.5009   USD    ROI:  1.181   %
Sun, 14 Mar 2021 11:00:08 GMT: Value:   973.7768   USD    Deposits:   962.2289   USD    rewards:    11.5479   USD    ROI:    1.2   %
Sun, 14 Mar 2021 11:30:06 GMT: Value:   959.3446   USD    Deposits:   947.9996   USD    rewards:    11.3450   USD    ROI:  1.197   %
Sun, 14 Mar 2021 12:00:09 GMT: Value:   961.3350   USD    Deposits:   949.9085   USD    rewards:    11.4266   USD    ROI:  1.203   %
Sun, 14 Mar 2021 12:30:05 GMT: Value:   968.999985 USD    Deposits:   957.387922 USD    rewards:    11.612063 USD    ROI:     1.212890 %
Sun, 14 Mar 2021 13:00:06 GMT: Value:   966.933626 USD    Deposits:   955.264191 USD    rewards:    11.669435 USD    ROI:     1.221592 %
Sun, 14 Mar 2021 13:30:05 GMT: Value:   957.763202 USD    Deposits:   946.116147 USD    rewards:    11.647056 USD    ROI:     1.231039 %
Sun, 14 Mar 2021 14:00:09 GMT: Value:   951.853104 USD    Deposits:   940.253951 USD    rewards:    11.599153 USD    ROI:     1.233619 %
Sun, 14 Mar 2021 14:30:04 GMT: Value:   954.788358 USD    Deposits:   943.063246 USD    rewards:    11.725112 USD    ROI:     1.243301 %
Sun, 14 Mar 2021 15:00:07 GMT: Value:   955.349782 USD    Deposits:   943.450310 USD    rewards:    11.899472 USD    ROI:     1.261272 %
Sun, 14 Mar 2021 15:30:06 GMT: Value:   951.979916 USD    Deposits:   940.055100 USD    rewards:    11.924816 USD    ROI:     1.268523 %
Sun, 14 Mar 2021 17:00:09 GMT: Value:   956.858833 USD    Deposits:   944.439490 USD    rewards:    12.419343 USD    ROI:     1.314996 %
Sun, 14 Mar 2021 22:11:26 GMT: Value:   975.570275 USD    Deposits:   961.633574 USD    rewards:    13.936701 USD    ROI:     1.449274 %
Sun, 14 Mar 2021 22:30:06 GMT: Value:   975.648626 USD    Deposits:   961.714458 USD    rewards:    13.934169 USD    ROI:     1.448888 %
Sun, 14 Mar 2021 23:00:05 GMT: Value:   976.919559 USD    Deposits:   962.917440 USD    rewards:    14.002119 USD    ROI:     1.454135 %
Sun, 14 Mar 2021 23:30:05 GMT: Value:   977.328757 USD    Deposits:   963.175959 USD    rewards:    14.152798 USD    ROI:     1.469389 %
Mon, 15 Mar 2021 00:00:07 GMT: Value:   970.904318 USD    Deposits:   956.788307 USD    rewards:    14.116011 USD    ROI:     1.475354 %
Mon, 15 Mar 2021 09:00:07 GMT: Value:   931.218144 USD    Deposits:   916.315851 USD    rewards:    14.902293 USD    ROI:     1.626327 %
Mon, 15 Mar 2021 09:30:05 GMT: Value:   918.947382 USD    Deposits:   904.062777 USD    rewards:    14.884605 USD    ROI:     1.646413 %
Mon, 15 Mar 2021 10:00:06 GMT: Value:   916.504270 USD    Deposits:   901.626074 USD    rewards:    14.878196 USD    ROI:     1.650151 %
Mon, 15 Mar 2021 10:30:06 GMT: Value:   918.135214 USD    Deposits:   903.213268 USD    rewards:    14.921946 USD    ROI:     1.652096 %
Mon, 15 Mar 2021 11:00:12 GMT: Value:   917.379197 USD    Deposits:   902.600174 USD    rewards:    14.779022 USD    ROI:     1.637383 %
Mon, 15 Mar 2021 11:30:08 GMT: Value:   922.744707 USD    Deposits:   907.838993 USD    rewards:    14.905714 USD    ROI:     1.641890 %
Mon, 15 Mar 2021 12:00:10 GMT: Value:   922.362690 USD    Deposits:   907.440287 USD    rewards:    14.922404 USD    ROI:     1.644450 %
Mon, 15 Mar 2021 12:30:05 GMT: Value:   916.529496 USD    Deposits:   901.721636 USD    rewards:    14.807859 USD    ROI:     1.642176 %
Mon, 15 Mar 2021 13:00:11 GMT: Value:   919.310349 USD    Deposits:   904.425004 USD    rewards:    14.885345 USD    ROI:     1.645835 %
Mon, 15 Mar 2021 13:30:06 GMT: Value:   921.312693 USD    Deposits:   906.293629 USD    rewards:    15.019064 USD    ROI:     1.657196 %
Mon, 15 Mar 2021 14:00:11 GMT: Value:   919.836757 USD    Deposits:   904.743319 USD    rewards:    15.093438 USD    ROI:     1.668256 %
Mon, 15 Mar 2021 14:30:07 GMT: Value:   923.385155 USD    Deposits:   908.153217 USD    rewards:    15.231938 USD    ROI:     1.677243 %
Mon, 15 Mar 2021 16:00:05 GMT: Value:   888.524248 USD    Deposits:   873.602841 USD    rewards:    14.921407 USD    ROI:     1.708031 %
Mon, 15 Mar 2021 16:30:06 GMT: Value:   886.771329 USD    Deposits:   871.993036 USD    rewards:    14.778293 USD    ROI:     1.694772 %
Mon, 15 Mar 2021 17:00:11 GMT: Value:   890.798051 USD    Deposits:   875.605545 USD    rewards:    15.192506 USD    ROI:     1.735086 %
Mon, 15 Mar 2021 17:30:06 GMT: Value:   879.147104 USD    Deposits:   864.003148 USD    rewards:    15.143956 USD    ROI:     1.752766 %
Mon, 15 Mar 2021 18:00:10 GMT: Value:   864.094199 USD    Deposits:   849.344134 USD    rewards:    14.750066 USD    ROI:     1.736642 %
Mon, 15 Mar 2021 18:30:04 GMT: Value:   875.966356 USD    Deposits:   861.123347 USD    rewards:    14.843009 USD    ROI:     1.723680 %
Mon, 15 Mar 2021 19:00:07 GMT: Value:   877.869203 USD    Deposits:   862.720665 USD    rewards:    15.148538 USD    ROI:     1.755903 %
